[04-Sep-2020 19:28:09 Asia/Tokyo] ログ設定
[04-Sep-2020 19:28:09 Asia/Tokyo] PHP Fatal error:  Uncaught Error: Call to undefined function getFormData() in /Applications/MAMP/htdocs/test_directory/imageUpload/index.php:26
Stack trace:
#0 {main}
  thrown in /Applications/MAMP/htdocs/test_directory/imageUpload/index.php on line 26
[04-Sep-2020 19:45:37 Asia/Tokyo] ログ設定
[04-Sep-2020 19:46:25 Asia/Tokyo] ログ設定
[04-Sep-2020 19:49:57 Asia/Tokyo] ログ設定
[04-Sep-2020 19:49:57 Asia/Tokyo] PHP Notice:  Array to string conversion in /Applications/MAMP/htdocs/test_directory/imageUpload/index.php on line 31
[04-Sep-2020 19:49:57 Asia/Tokyo] PHP Stack trace:
[04-Sep-2020 19:49:57 Asia/Tokyo] PHP   1. {main}() /Applications/MAMP/htdocs/test_directory/imageUpload/index.php:0
[04-Sep-2020 19:50:18 Asia/Tokyo] ログ設定
[04-Sep-2020 19:50:18 Asia/Tokyo] PHP Notice:  Array to string conversion in /Applications/MAMP/htdocs/test_directory/imageUpload/index.php on line 31
[04-Sep-2020 19:50:18 Asia/Tokyo] PHP Stack trace:
[04-Sep-2020 19:50:18 Asia/Tokyo] PHP   1. {main}() /Applications/MAMP/htdocs/test_directory/imageUpload/index.php:0
[04-Sep-2020 19:50:33 Asia/Tokyo] ログ設定
[04-Sep-2020 19:51:10 Asia/Tokyo] ログ設定
[04-Sep-2020 19:51:16 Asia/Tokyo] ログ設定
[04-Sep-2020 19:51:16 Asia/Tokyo] PHP Notice:  Undefined index: p in /Applications/MAMP/htdocs/test_directory/imageUpload/index.php on line 31
[04-Sep-2020 19:51:16 Asia/Tokyo] PHP Stack trace:
[04-Sep-2020 19:51:16 Asia/Tokyo] PHP   1. {main}() /Applications/MAMP/htdocs/test_directory/imageUpload/index.php:0
[04-Sep-2020 19:53:15 Asia/Tokyo] ログ設定
[04-Sep-2020 19:53:15 Asia/Tokyo] PHP Notice:  Undefined index: p in /Applications/MAMP/htdocs/test_directory/imageUpload/index.php on line 31
[04-Sep-2020 19:53:15 Asia/Tokyo] PHP Stack trace:
[04-Sep-2020 19:53:15 Asia/Tokyo] PHP   1. {main}() /Applications/MAMP/htdocs/test_directory/imageUpload/index.php:0
[04-Sep-2020 19:53:45 Asia/Tokyo] ログ設定
[04-Sep-2020 19:53:45 Asia/Tokyo] PHP Notice:  Undefined index: p in /Applications/MAMP/htdocs/test_directory/imageUpload/index.php on line 32
[04-Sep-2020 19:53:45 Asia/Tokyo] PHP Stack trace:
[04-Sep-2020 19:53:45 Asia/Tokyo] PHP   1. {main}() /Applications/MAMP/htdocs/test_directory/imageUpload/index.php:0
[04-Sep-2020 19:54:01 Asia/Tokyo] ログ設定
[04-Sep-2020 19:54:25 Asia/Tokyo] ログ設定
[04-Sep-2020 19:55:28 Asia/Tokyo] ログ設定
[04-Sep-2020 19:55:50 Asia/Tokyo] ログ設定
[04-Sep-2020 19:56:18 Asia/Tokyo] ログ設定
[04-Sep-2020 19:56:51 Asia/Tokyo] ログ設定
[04-Sep-2020 19:57:29 Asia/Tokyo] ログ設定
[04-Sep-2020 19:57:30 Asia/Tokyo] ログ設定
[04-Sep-2020 19:57:30 Asia/Tokyo] ログ設定
[04-Sep-2020 19:57:30 Asia/Tokyo] ログ設定
[04-Sep-2020 20:09:11 Asia/Tokyo] ログ設定
[04-Sep-2020 20:09:11 Asia/Tokyo] ログ設定
[04-Sep-2020 20:09:12 Asia/Tokyo] ログ設定
[04-Sep-2020 20:10:24 Asia/Tokyo] ログ設定
[04-Sep-2020 20:10:49 Asia/Tokyo] ログ設定
[04-Sep-2020 20:11:07 Asia/Tokyo] ログ設定
[04-Sep-2020 20:11:12 Asia/Tokyo] ログ設定
[04-Sep-2020 20:11:12 Asia/Tokyo] PHP Notice:  Undefined index: p in /Applications/MAMP/htdocs/test_directory/imageUpload/index.php on line 32
[04-Sep-2020 20:11:12 Asia/Tokyo] PHP Stack trace:
[04-Sep-2020 20:11:12 Asia/Tokyo] PHP   1. {main}() /Applications/MAMP/htdocs/test_directory/imageUpload/index.php:0
[04-Sep-2020 20:11:15 Asia/Tokyo] ログ設定
[04-Sep-2020 20:11:25 Asia/Tokyo] ログ設定
[04-Sep-2020 20:11:26 Asia/Tokyo] ログ設定
[04-Sep-2020 20:11:42 Asia/Tokyo] ログ設定
[04-Sep-2020 20:19:18 Asia/Tokyo] ログ設定
[04-Sep-2020 20:19:39 Asia/Tokyo] ログ設定
[05-Sep-2020 16:00:41 Asia/Tokyo] PHP Notice:  Undefined index: p in /Applications/MAMP/htdocs/test_directory/imageUpload/index.php on line 41
[05-Sep-2020 16:00:41 Asia/Tokyo] PHP Stack trace:
[05-Sep-2020 16:00:41 Asia/Tokyo] PHP   1. {main}() /Applications/MAMP/htdocs/test_directory/imageUpload/index.php:0
[05-Sep-2020 16:00:41 Asia/Tokyo] PHP Notice:  Undefined index: p_id in /Applications/MAMP/htdocs/test_directory/imageUpload/index.php on line 42
[05-Sep-2020 16:00:41 Asia/Tokyo] PHP Stack trace:
[05-Sep-2020 16:00:41 Asia/Tokyo] PHP   1. {main}() /Applications/MAMP/htdocs/test_directory/imageUpload/index.php:0
[05-Sep-2020 16:00:41 Asia/Tokyo] PHP Notice:  Undefined index: keyword in /Applications/MAMP/htdocs/test_directory/imageUpload/index.php on line 43
[05-Sep-2020 16:00:41 Asia/Tokyo] PHP Stack trace:
[05-Sep-2020 16:00:41 Asia/Tokyo] PHP   1. {main}() /Applications/MAMP/htdocs/test_directory/imageUpload/index.php:0
[05-Sep-2020 16:00:55 Asia/Tokyo] PHP Notice:  Undefined index: keyword in /Applications/MAMP/htdocs/test_directory/imageUpload/index.php on line 43
[05-Sep-2020 16:00:55 Asia/Tokyo] PHP Stack trace:
[05-Sep-2020 16:00:55 Asia/Tokyo] PHP   1. {main}() /Applications/MAMP/htdocs/test_directory/imageUpload/index.php:0
[05-Sep-2020 16:01:32 Asia/Tokyo] PHP Notice:  Undefined index: p in /Applications/MAMP/htdocs/test_directory/imageUpload/index.php on line 41
[05-Sep-2020 16:01:32 Asia/Tokyo] PHP Stack trace:
[05-Sep-2020 16:01:32 Asia/Tokyo] PHP   1. {main}() /Applications/MAMP/htdocs/test_directory/imageUpload/index.php:0
[05-Sep-2020 16:01:32 Asia/Tokyo] PHP Notice:  Undefined index: p_id in /Applications/MAMP/htdocs/test_directory/imageUpload/index.php on line 42
[05-Sep-2020 16:01:32 Asia/Tokyo] PHP Stack trace:
[05-Sep-2020 16:01:32 Asia/Tokyo] PHP   1. {main}() /Applications/MAMP/htdocs/test_directory/imageUpload/index.php:0
[05-Sep-2020 16:01:32 Asia/Tokyo] PHP Notice:  Undefined index: keyword in /Applications/MAMP/htdocs/test_directory/imageUpload/index.php on line 43
[05-Sep-2020 16:01:32 Asia/Tokyo] PHP Stack trace:
[05-Sep-2020 16:01:32 Asia/Tokyo] PHP   1. {main}() /Applications/MAMP/htdocs/test_directory/imageUpload/index.php:0
[07-Sep-2020 16:04:21 Asia/Tokyo] 
[07-Sep-2020 16:05:16 Asia/Tokyo] PHP Fatal error:  Uncaught Error: Call to undefined function debug() in /Applications/MAMP/htdocs/test_directory/imageUpload/index.php:7
Stack trace:
#0 {main}
  thrown in /Applications/MAMP/htdocs/test_directory/imageUpload/index.php on line 7
[07-Sep-2020 16:07:49 Asia/Tokyo] PHP Notice:  Undefined variable: FILES in /Applications/MAMP/htdocs/test_directory/imageUpload/index.php on line 7
[07-Sep-2020 16:07:49 Asia/Tokyo] PHP Stack trace:
[07-Sep-2020 16:07:49 Asia/Tokyo] PHP   1. {main}() /Applications/MAMP/htdocs/test_directory/imageUpload/index.php:0
[07-Sep-2020 16:07:49 Asia/Tokyo] デバッグ：
[07-Sep-2020 16:08:16 Asia/Tokyo] デバッグ：Array
(
    [pic1] => Array
        (
            [name] => スクリーンショット 2020-07-12 22.35.44.png
            [type] => image/png
            [tmp_name] => /Applications/MAMP/tmp/php/phpl2YtX0
            [error] => 0
            [size] => 246676
        )

)

[07-Sep-2020 16:18:28 Asia/Tokyo] デバッグ：Array
(
    [pic1] => Array
        (
            [name] => スクリーンショット 2020-07-12 22.35.44.png
            [type] => image/png
            [tmp_name] => /Applications/MAMP/tmp/php/phpku3fot
            [error] => 0
            [size] => 246676
        )

)

[07-Sep-2020 16:18:28 Asia/Tokyo] デバッグ：画像アップロード処理開始
[07-Sep-2020 16:18:28 Asia/Tokyo] デバッグ：FILE情報：Array
(
    [name] => スクリーンショット 2020-07-12 22.35.44.png
    [type] => image/png
    [tmp_name] => /Applications/MAMP/tmp/php/phpku3fot
    [error] => 0
    [size] => 246676
)

[07-Sep-2020 16:18:28 Asia/Tokyo] デバッグ：Array
(
    [name] => スクリーンショット 2020-07-12 22.35.44.png
    [type] => image/png
    [tmp_name] => /Applications/MAMP/tmp/php/phpku3fot
    [error] => 0
    [size] => 246676
)

[07-Sep-2020 21:44:58 Asia/Tokyo] デバッグ：Array
(
    [pic1] => Array
        (
            [name] => スクリーンショット 2020-07-12 22.35.44.png
            [type] => image/png
            [tmp_name] => /Applications/MAMP/tmp/php/phpYZntdh
            [error] => 0
            [size] => 246676
        )

)

[07-Sep-2020 21:44:58 Asia/Tokyo] デバッグ：画像アップロード処理開始
[07-Sep-2020 21:44:58 Asia/Tokyo] デバッグ：FILE情報：Array
(
    [name] => スクリーンショット 2020-07-12 22.35.44.png
    [type] => image/png
    [tmp_name] => /Applications/MAMP/tmp/php/phpYZntdh
    [error] => 0
    [size] => 246676
)

[07-Sep-2020 21:44:58 Asia/Tokyo] デバッグ：Array
(
    [name] => スクリーンショット 2020-07-12 22.35.44.png
    [type] => image/png
    [tmp_name] => /Applications/MAMP/tmp/php/phpYZntdh
    [error] => 0
    [size] => 246676
)

[08-Sep-2020 14:00:22 Asia/Tokyo] デバッグ：Array
(
    [pic1] => Array
        (
            [name] => 
            [type] => 
            [tmp_name] => 
            [error] => 4
            [size] => 0
        )

)

[08-Sep-2020 14:01:24 Asia/Tokyo] デバッグ：Array
(
    [pic1] => Array
        (
            [name] => 
            [type] => 
            [tmp_name] => 
            [error] => 4
            [size] => 0
        )

)

[08-Sep-2020 14:02:03 Asia/Tokyo] デバッグ：Array
(
    [pic1] => Array
        (
            [name] => 
            [type] => 
            [tmp_name] => 
            [error] => 4
            [size] => 0
        )

)

[08-Sep-2020 14:02:37 Asia/Tokyo] デバッグ：Array
(
    [pic1] => Array
        (
            [name] => 
            [type] => 
            [tmp_name] => 
            [error] => 4
            [size] => 0
        )

)

[08-Sep-2020 14:03:57 Asia/Tokyo] デバッグ：Array
(
    [pic1] => Array
        (
            [name] => 
            [type] => 
            [tmp_name] => 
            [error] => 4
            [size] => 0
        )

)

[08-Sep-2020 14:04:12 Asia/Tokyo] デバッグ：Array
(
    [pic1] => Array
        (
            [name] => スクリーンショット 2020-07-12 22.35.44.png
            [type] => image/png
            [tmp_name] => /Applications/MAMP/tmp/php/phpjkzzPf
            [error] => 0
            [size] => 246676
        )

)

[08-Sep-2020 14:04:12 Asia/Tokyo] デバッグ：画像アップロード処理開始
[08-Sep-2020 14:04:12 Asia/Tokyo] デバッグ：FILE情報：Array
(
    [name] => スクリーンショット 2020-07-12 22.35.44.png
    [type] => image/png
    [tmp_name] => /Applications/MAMP/tmp/php/phpjkzzPf
    [error] => 0
    [size] => 246676
)

[08-Sep-2020 14:04:12 Asia/Tokyo] デバッグ：Array
(
    [name] => スクリーンショット 2020-07-12 22.35.44.png
    [type] => image/png
    [tmp_name] => /Applications/MAMP/tmp/php/phpjkzzPf
    [error] => 0
    [size] => 246676
)

[09-Sep-2020 15:38:23 Asia/Tokyo] PHP Notice:  Undefined variable: curentPageNum in /Applications/MAMP/htdocs/test_directory/imageUpload/index.php on line 70
[09-Sep-2020 15:38:23 Asia/Tokyo] PHP Stack trace:
[09-Sep-2020 15:38:23 Asia/Tokyo] PHP   1. {main}() /Applications/MAMP/htdocs/test_directory/imageUpload/index.php:0
[09-Sep-2020 15:38:29 Asia/Tokyo] PHP Notice:  Undefined variable: curentPageNum in /Applications/MAMP/htdocs/test_directory/imageUpload/index.php on line 70
[09-Sep-2020 15:38:29 Asia/Tokyo] PHP Stack trace:
[09-Sep-2020 15:38:29 Asia/Tokyo] PHP   1. {main}() /Applications/MAMP/htdocs/test_directory/imageUpload/index.php:0
[09-Sep-2020 15:38:37 Asia/Tokyo] PHP Notice:  Undefined variable: curentPageNum in /Applications/MAMP/htdocs/test_directory/imageUpload/index.php on line 70
[09-Sep-2020 15:38:37 Asia/Tokyo] PHP Stack trace:
[09-Sep-2020 15:38:37 Asia/Tokyo] PHP   1. {main}() /Applications/MAMP/htdocs/test_directory/imageUpload/index.php:0
[09-Sep-2020 15:38:42 Asia/Tokyo] PHP Notice:  Undefined index: p in /Applications/MAMP/htdocs/test_directory/imageUpload/index.php on line 47
[09-Sep-2020 15:38:42 Asia/Tokyo] PHP Stack trace:
[09-Sep-2020 15:38:42 Asia/Tokyo] PHP   1. {main}() /Applications/MAMP/htdocs/test_directory/imageUpload/index.php:0
[09-Sep-2020 15:39:04 Asia/Tokyo] PHP Notice:  Undefined variable: curentPageNum in /Applications/MAMP/htdocs/test_directory/imageUpload/index.php on line 70
[09-Sep-2020 15:39:04 Asia/Tokyo] PHP Stack trace:
[09-Sep-2020 15:39:04 Asia/Tokyo] PHP   1. {main}() /Applications/MAMP/htdocs/test_directory/imageUpload/index.php:0
[09-Sep-2020 15:39:13 Asia/Tokyo] PHP Notice:  Undefined variable: curentPageNum in /Applications/MAMP/htdocs/test_directory/imageUpload/index.php on line 70
[09-Sep-2020 15:39:13 Asia/Tokyo] PHP Stack trace:
[09-Sep-2020 15:39:13 Asia/Tokyo] PHP   1. {main}() /Applications/MAMP/htdocs/test_directory/imageUpload/index.php:0
[09-Sep-2020 15:39:20 Asia/Tokyo] PHP Notice:  Undefined variable: curentPageNum in /Applications/MAMP/htdocs/test_directory/imageUpload/index.php on line 70
[09-Sep-2020 15:39:20 Asia/Tokyo] PHP Stack trace:
[09-Sep-2020 15:39:20 Asia/Tokyo] PHP   1. {main}() /Applications/MAMP/htdocs/test_directory/imageUpload/index.php:0
[09-Sep-2020 15:39:43 Asia/Tokyo] PHP Notice:  Undefined variable: currentPageNum in /Applications/MAMP/htdocs/test_directory/imageUpload/index.php on line 70
[09-Sep-2020 15:39:43 Asia/Tokyo] PHP Stack trace:
[09-Sep-2020 15:39:43 Asia/Tokyo] PHP   1. {main}() /Applications/MAMP/htdocs/test_directory/imageUpload/index.php:0
[09-Sep-2020 22:49:15 Asia/Tokyo] PHP Notice:  Undefined index: p in /Applications/MAMP/htdocs/test_directory/imageUpload/index.php on line 47
[09-Sep-2020 22:49:15 Asia/Tokyo] PHP Stack trace:
[09-Sep-2020 22:49:15 Asia/Tokyo] PHP   1. {main}() /Applications/MAMP/htdocs/test_directory/imageUpload/index.php:0
[09-Sep-2020 22:49:15 Asia/Tokyo] PHP Notice:  Undefined variable: totalPageNum in /Applications/MAMP/htdocs/test_directory/imageUpload/index.php on line 71
[09-Sep-2020 22:49:15 Asia/Tokyo] PHP Stack trace:
[09-Sep-2020 22:49:15 Asia/Tokyo] PHP   1. {main}() /Applications/MAMP/htdocs/test_directory/imageUpload/index.php:0
[09-Sep-2020 22:49:15 Asia/Tokyo] PHP Notice:  Undefined variable: pageColNum in /Applications/MAMP/htdocs/test_directory/imageUpload/index.php on line 71
[09-Sep-2020 22:49:15 Asia/Tokyo] PHP Stack trace:
[09-Sep-2020 22:49:15 Asia/Tokyo] PHP   1. {main}() /Applications/MAMP/htdocs/test_directory/imageUpload/index.php:0
[09-Sep-2020 22:49:42 Asia/Tokyo] PHP Notice:  Undefined variable: pageColNum in /Applications/MAMP/htdocs/test_directory/imageUpload/index.php on line 68
[09-Sep-2020 22:49:42 Asia/Tokyo] PHP Stack trace:
[09-Sep-2020 22:49:42 Asia/Tokyo] PHP   1. {main}() /Applications/MAMP/htdocs/test_directory/imageUpload/index.php:0
[09-Sep-2020 22:49:42 Asia/Tokyo] PHP Notice:  Undefined variable: totalPageNum in /Applications/MAMP/htdocs/test_directory/imageUpload/index.php on line 68
[09-Sep-2020 22:49:42 Asia/Tokyo] PHP Stack trace:
[09-Sep-2020 22:49:42 Asia/Tokyo] PHP   1. {main}() /Applications/MAMP/htdocs/test_directory/imageUpload/index.php:0
[09-Sep-2020 23:16:47 Asia/Tokyo] デバッグ：Array
(
    [pic1] => Array
        (
            [name] => 
            [type] => 
            [tmp_name] => 
            [error] => 4
            [size] => 0
        )

)

[14-Sep-2020 11:54:35 Asia/Tokyo] PHP Notice:  Undefined index: p in /Applications/MAMP/htdocs/test_directory/imageUpload/index.php on line 47
[14-Sep-2020 11:54:35 Asia/Tokyo] PHP Stack trace:
[14-Sep-2020 11:54:35 Asia/Tokyo] PHP   1. {main}() /Applications/MAMP/htdocs/test_directory/imageUpload/index.php:0
[14-Sep-2020 11:58:46 Asia/Tokyo] PHP Notice:  Undefined index: p in /Applications/MAMP/htdocs/test_directory/imageUpload/index.php on line 51
[14-Sep-2020 11:58:46 Asia/Tokyo] PHP Stack trace:
[14-Sep-2020 11:58:46 Asia/Tokyo] PHP   1. {main}() /Applications/MAMP/htdocs/test_directory/imageUpload/index.php:0
[14-Sep-2020 11:59:12 Asia/Tokyo] デバッグ：GETがあります
[14-Sep-2020 12:07:56 Asia/Tokyo] デバッグ：GETがあります
[14-Sep-2020 12:08:16 Asia/Tokyo] デバッグ：GETがあります
[14-Sep-2020 12:08:22 Asia/Tokyo] デバッグ：GETがあります
[14-Sep-2020 12:08:26 Asia/Tokyo] デバッグ：GETがあります
[14-Sep-2020 12:08:30 Asia/Tokyo] デバッグ：GETがあります
[14-Sep-2020 12:11:14 Asia/Tokyo] デバッグ：GETがあります
[14-Sep-2020 12:11:14 Asia/Tokyo] PHP Notice:  Undefined variable: i in /Applications/MAMP/htdocs/test_directory/imageUpload/index.php on line 86
[14-Sep-2020 12:11:14 Asia/Tokyo] PHP Stack trace:
[14-Sep-2020 12:11:14 Asia/Tokyo] PHP   1. {main}() /Applications/MAMP/htdocs/test_directory/imageUpload/index.php:0
[14-Sep-2020 12:11:53 Asia/Tokyo] デバッグ：GETがあります
[14-Sep-2020 12:12:36 Asia/Tokyo] デバッグ：GETがあります
[14-Sep-2020 12:13:07 Asia/Tokyo] デバッグ：GETがあります
[14-Sep-2020 12:13:08 Asia/Tokyo] デバッグ：GETがあります
[14-Sep-2020 12:13:13 Asia/Tokyo] デバッグ：GETがあります
[14-Sep-2020 12:13:27 Asia/Tokyo] デバッグ：GETがあります
[14-Sep-2020 12:13:34 Asia/Tokyo] デバッグ：GETがあります
[14-Sep-2020 12:13:42 Asia/Tokyo] デバッグ：GETがあります
[14-Sep-2020 12:13:43 Asia/Tokyo] デバッグ：GETがあります
[14-Sep-2020 12:13:43 Asia/Tokyo] デバッグ：GETがあります
[14-Sep-2020 12:13:43 Asia/Tokyo] デバッグ：GETがあります
[14-Sep-2020 12:13:43 Asia/Tokyo] デバッグ：GETがあります
[14-Sep-2020 12:14:08 Asia/Tokyo] デバッグ：GETがあります
[14-Sep-2020 12:14:08 Asia/Tokyo] デバッグ：GETがあります
[14-Sep-2020 12:14:21 Asia/Tokyo] デバッグ：GETがあります
[14-Sep-2020 12:14:34 Asia/Tokyo] デバッグ：GETがあります
[14-Sep-2020 12:14:35 Asia/Tokyo] デバッグ：GETがあります
[14-Sep-2020 12:14:35 Asia/Tokyo] デバッグ：GETがあります
[14-Sep-2020 12:14:35 Asia/Tokyo] デバッグ：GETがあります
[14-Sep-2020 12:14:50 Asia/Tokyo] デバッグ：GETがあります
[14-Sep-2020 12:14:50 Asia/Tokyo] デバッグ：GETがあります
[14-Sep-2020 12:14:55 Asia/Tokyo] デバッグ：GETがあります
[14-Sep-2020 12:14:56 Asia/Tokyo] デバッグ：GETがあります
[14-Sep-2020 12:14:57 Asia/Tokyo] デバッグ：GETがあります
[14-Sep-2020 12:14:57 Asia/Tokyo] デバッグ：GETがあります
[14-Sep-2020 12:14:58 Asia/Tokyo] デバッグ：GETがあります
[14-Sep-2020 12:14:58 Asia/Tokyo] デバッグ：GETがあります
[14-Sep-2020 12:14:59 Asia/Tokyo] デバッグ：GETがあります
[14-Sep-2020 12:15:00 Asia/Tokyo] デバッグ：GETがあります
[14-Sep-2020 12:15:01 Asia/Tokyo] デバッグ：GETがあります
[14-Sep-2020 12:15:01 Asia/Tokyo] デバッグ：GETがあります
[14-Sep-2020 12:15:02 Asia/Tokyo] デバッグ：GETがあります
[14-Sep-2020 12:15:02 Asia/Tokyo] デバッグ：GETがあります
[14-Sep-2020 12:15:03 Asia/Tokyo] デバッグ：GETがあります
[14-Sep-2020 12:15:04 Asia/Tokyo] デバッグ：GETがあります
[14-Sep-2020 13:57:27 Asia/Tokyo] デバッグ：GETがあります
[14-Sep-2020 13:57:44 Asia/Tokyo] デバッグ：GETがあります
[14-Sep-2020 13:57:44 Asia/Tokyo] PHP Notice:  Array to string conversion in /Applications/MAMP/htdocs/test_directory/imageUpload/function.php on line 16
[14-Sep-2020 13:57:44 Asia/Tokyo] PHP Stack trace:
[14-Sep-2020 13:57:44 Asia/Tokyo] PHP   1. {main}() /Applications/MAMP/htdocs/test_directory/imageUpload/index.php:0
[14-Sep-2020 13:57:44 Asia/Tokyo] PHP   2. debug() /Applications/MAMP/htdocs/test_directory/imageUpload/index.php:49
[14-Sep-2020 13:57:44 Asia/Tokyo] デバッグ：Array
[14-Sep-2020 13:58:12 Asia/Tokyo] デバッグ：GETがあります
[14-Sep-2020 13:58:12 Asia/Tokyo] PHP Notice:  Undefined offset: 0 in /Applications/MAMP/htdocs/test_directory/imageUpload/index.php on line 49
[14-Sep-2020 13:58:12 Asia/Tokyo] PHP Stack trace:
[14-Sep-2020 13:58:12 Asia/Tokyo] PHP   1. {main}() /Applications/MAMP/htdocs/test_directory/imageUpload/index.php:0
[14-Sep-2020 13:58:12 Asia/Tokyo] デバッグ：
[14-Sep-2020 13:58:36 Asia/Tokyo] デバッグ：GETがあります
[14-Sep-2020 13:58:36 Asia/Tokyo] デバッグ：Array
(
    [p] => 2
)

[14-Sep-2020 14:00:26 Asia/Tokyo] デバッグ：GETがあります
[14-Sep-2020 14:00:26 Asia/Tokyo] デバッグ：4
[14-Sep-2020 14:01:40 Asia/Tokyo] デバッグ：GETがあります
[14-Sep-2020 14:01:40 Asia/Tokyo] デバッグ：4
[14-Sep-2020 14:01:43 Asia/Tokyo] デバッグ：GETがあります
[14-Sep-2020 14:01:43 Asia/Tokyo] デバッグ：5
[14-Sep-2020 14:01:46 Asia/Tokyo] デバッグ：GETがあります
[14-Sep-2020 14:01:46 Asia/Tokyo] デバッグ：4
[14-Sep-2020 14:03:23 Asia/Tokyo] デバッグ：GETがあります
[14-Sep-2020 14:03:23 Asia/Tokyo] デバッグ：4
[14-Sep-2020 14:03:25 Asia/Tokyo] デバッグ：GETがあります
[14-Sep-2020 14:03:25 Asia/Tokyo] デバッグ：3
[14-Sep-2020 14:03:28 Asia/Tokyo] デバッグ：GETがあります
[14-Sep-2020 14:03:28 Asia/Tokyo] デバッグ：4
[14-Sep-2020 14:04:44 Asia/Tokyo] デバッグ：GETがあります
[14-Sep-2020 14:04:44 Asia/Tokyo] デバッグ：4
[14-Sep-2020 14:04:46 Asia/Tokyo] デバッグ：GETがあります
[14-Sep-2020 14:04:46 Asia/Tokyo] デバッグ：10
[14-Sep-2020 14:04:48 Asia/Tokyo] デバッグ：GETがあります
[14-Sep-2020 14:04:48 Asia/Tokyo] デバッグ：1
[14-Sep-2020 14:04:50 Asia/Tokyo] デバッグ：GETがあります
[14-Sep-2020 14:04:50 Asia/Tokyo] デバッグ：0
[14-Sep-2020 14:05:29 Asia/Tokyo] デバッグ：GETがあります
[14-Sep-2020 14:05:29 Asia/Tokyo] デバッグ：0
[14-Sep-2020 14:05:31 Asia/Tokyo] デバッグ：GETがあります
[14-Sep-2020 14:05:31 Asia/Tokyo] デバッグ：1
[14-Sep-2020 14:05:32 Asia/Tokyo] デバッグ：GETがあります
[14-Sep-2020 14:05:32 Asia/Tokyo] デバッグ：0
[14-Sep-2020 14:05:33 Asia/Tokyo] デバッグ：GETがあります
[14-Sep-2020 14:05:33 Asia/Tokyo] デバッグ：0
[14-Sep-2020 14:05:33 Asia/Tokyo] デバッグ：GETがあります
[14-Sep-2020 14:05:33 Asia/Tokyo] デバッグ：0
[14-Sep-2020 14:05:33 Asia/Tokyo] デバッグ：GETがあります
[14-Sep-2020 14:05:33 Asia/Tokyo] デバッグ：0
[14-Sep-2020 14:06:38 Asia/Tokyo] デバッグ：GETがあります
[14-Sep-2020 14:06:38 Asia/Tokyo] デバッグ：0
[14-Sep-2020 14:06:39 Asia/Tokyo] デバッグ：GETがあります
[14-Sep-2020 14:06:39 Asia/Tokyo] デバッグ：0
[14-Sep-2020 14:06:41 Asia/Tokyo] デバッグ：GETがあります
[14-Sep-2020 14:06:41 Asia/Tokyo] デバッグ：2
[14-Sep-2020 14:06:42 Asia/Tokyo] デバッグ：GETがあります
[14-Sep-2020 14:06:42 Asia/Tokyo] デバッグ：1
[14-Sep-2020 14:06:43 Asia/Tokyo] デバッグ：GETがあります
[14-Sep-2020 14:06:43 Asia/Tokyo] デバッグ：0
[14-Sep-2020 14:06:44 Asia/Tokyo] デバッグ：GETがあります
[14-Sep-2020 14:06:44 Asia/Tokyo] デバッグ：0
[14-Sep-2020 14:07:20 Asia/Tokyo] デバッグ：GETがあります
[14-Sep-2020 14:07:20 Asia/Tokyo] デバッグ：0
[14-Sep-2020 14:07:22 Asia/Tokyo] デバッグ：GETがあります
[14-Sep-2020 14:07:22 Asia/Tokyo] デバッグ：2
[14-Sep-2020 14:07:23 Asia/Tokyo] デバッグ：GETがあります
[14-Sep-2020 14:07:23 Asia/Tokyo] デバッグ：1
[14-Sep-2020 14:07:24 Asia/Tokyo] デバッグ：GETがあります
[14-Sep-2020 14:07:24 Asia/Tokyo] デバッグ：0
[14-Sep-2020 14:07:25 Asia/Tokyo] デバッグ：GETがあります
[14-Sep-2020 14:07:25 Asia/Tokyo] デバッグ：0
[14-Sep-2020 14:07:31 Asia/Tokyo] デバッグ：GETがあります
[14-Sep-2020 14:07:31 Asia/Tokyo] デバッグ：0
[14-Sep-2020 14:07:33 Asia/Tokyo] デバッグ：GETがあります
[14-Sep-2020 14:07:33 Asia/Tokyo] デバッグ：1
[14-Sep-2020 14:07:34 Asia/Tokyo] デバッグ：GETがあります
[14-Sep-2020 14:07:34 Asia/Tokyo] デバッグ：0
[14-Sep-2020 14:09:49 Asia/Tokyo] デバッグ：GETがあります
[14-Sep-2020 14:09:49 Asia/Tokyo] デバッグ：0
[14-Sep-2020 14:09:49 Asia/Tokyo] デバッグ：GETがあります
[14-Sep-2020 14:09:49 Asia/Tokyo] デバッグ：0
[14-Sep-2020 14:09:50 Asia/Tokyo] デバッグ：GETがあります
[14-Sep-2020 14:09:50 Asia/Tokyo] デバッグ：0
[14-Sep-2020 14:09:50 Asia/Tokyo] デバッグ：GETがあります
[14-Sep-2020 14:09:50 Asia/Tokyo] デバッグ：0
[14-Sep-2020 14:09:54 Asia/Tokyo] デバッグ：GETがあります
[14-Sep-2020 14:09:54 Asia/Tokyo] デバッグ：0
[14-Sep-2020 14:09:55 Asia/Tokyo] デバッグ：GETがあります
[14-Sep-2020 14:09:55 Asia/Tokyo] デバッグ：3
[14-Sep-2020 14:09:57 Asia/Tokyo] デバッグ：GETがあります
[14-Sep-2020 14:09:57 Asia/Tokyo] デバッグ：2
[14-Sep-2020 14:09:57 Asia/Tokyo] デバッグ：GETがあります
[14-Sep-2020 14:09:57 Asia/Tokyo] デバッグ：1
[14-Sep-2020 14:09:58 Asia/Tokyo] デバッグ：GETがあります
[14-Sep-2020 14:09:58 Asia/Tokyo] デバッグ：0
[14-Sep-2020 14:09:58 Asia/Tokyo] デバッグ：GETがあります
[14-Sep-2020 14:09:58 Asia/Tokyo] デバッグ：0
[14-Sep-2020 14:09:59 Asia/Tokyo] デバッグ：GETがあります
[14-Sep-2020 14:09:59 Asia/Tokyo] デバッグ：0
[14-Sep-2020 14:10:00 Asia/Tokyo] デバッグ：GETがあります
[14-Sep-2020 14:10:00 Asia/Tokyo] デバッグ：2
[14-Sep-2020 14:10:01 Asia/Tokyo] デバッグ：GETがあります
[14-Sep-2020 14:10:01 Asia/Tokyo] デバッグ：3
[14-Sep-2020 14:10:01 Asia/Tokyo] デバッグ：GETがあります
[14-Sep-2020 14:10:01 Asia/Tokyo] デバッグ：4
[14-Sep-2020 14:10:01 Asia/Tokyo] デバッグ：GETがあります
[14-Sep-2020 14:10:01 Asia/Tokyo] デバッグ：5
[14-Sep-2020 14:10:01 Asia/Tokyo] デバッグ：GETがあります
[14-Sep-2020 14:10:01 Asia/Tokyo] デバッグ：6
[14-Sep-2020 14:10:02 Asia/Tokyo] デバッグ：GETがあります
[14-Sep-2020 14:10:02 Asia/Tokyo] デバッグ：7
[14-Sep-2020 14:10:02 Asia/Tokyo] デバッグ：GETがあります
[14-Sep-2020 14:10:02 Asia/Tokyo] デバッグ：7
[14-Sep-2020 14:10:02 Asia/Tokyo] デバッグ：GETがあります
[14-Sep-2020 14:10:02 Asia/Tokyo] デバッグ：8
[14-Sep-2020 14:10:04 Asia/Tokyo] デバッグ：GETがあります
[14-Sep-2020 14:10:04 Asia/Tokyo] デバッグ：9
[14-Sep-2020 14:10:05 Asia/Tokyo] デバッグ：GETがあります
[14-Sep-2020 14:10:05 Asia/Tokyo] デバッグ：10
[14-Sep-2020 14:10:05 Asia/Tokyo] デバッグ：GETがあります
[14-Sep-2020 14:10:05 Asia/Tokyo] デバッグ：11
[14-Sep-2020 14:10:07 Asia/Tokyo] デバッグ：GETがあります
[14-Sep-2020 14:10:07 Asia/Tokyo] デバッグ：12
[14-Sep-2020 14:10:08 Asia/Tokyo] デバッグ：GETがあります
[14-Sep-2020 14:10:08 Asia/Tokyo] デバッグ：13
[14-Sep-2020 14:10:09 Asia/Tokyo] デバッグ：GETがあります
[14-Sep-2020 14:10:09 Asia/Tokyo] デバッグ：14
[14-Sep-2020 14:10:09 Asia/Tokyo] デバッグ：GETがあります
[14-Sep-2020 14:10:09 Asia/Tokyo] デバッグ：15
[14-Sep-2020 14:10:09 Asia/Tokyo] デバッグ：GETがあります
[14-Sep-2020 14:10:09 Asia/Tokyo] デバッグ：16
[14-Sep-2020 14:10:09 Asia/Tokyo] デバッグ：GETがあります
[14-Sep-2020 14:10:09 Asia/Tokyo] デバッグ：17
[14-Sep-2020 14:10:10 Asia/Tokyo] デバッグ：GETがあります
[14-Sep-2020 14:10:10 Asia/Tokyo] デバッグ：18
[14-Sep-2020 14:10:10 Asia/Tokyo] デバッグ：GETがあります
[14-Sep-2020 14:10:10 Asia/Tokyo] デバッグ：19
[14-Sep-2020 14:10:10 Asia/Tokyo] デバッグ：GETがあります
[14-Sep-2020 14:10:10 Asia/Tokyo] デバッグ：20
[14-Sep-2020 14:10:10 Asia/Tokyo] デバッグ：GETがあります
[14-Sep-2020 14:10:10 Asia/Tokyo] デバッグ：21
[14-Sep-2020 14:10:11 Asia/Tokyo] デバッグ：GETがあります
[14-Sep-2020 14:10:11 Asia/Tokyo] デバッグ：22
[14-Sep-2020 14:10:11 Asia/Tokyo] デバッグ：GETがあります
[14-Sep-2020 14:10:11 Asia/Tokyo] デバッグ：23
[14-Sep-2020 14:10:11 Asia/Tokyo] デバッグ：GETがあります
[14-Sep-2020 14:10:11 Asia/Tokyo] デバッグ：24
[14-Sep-2020 14:10:12 Asia/Tokyo] デバッグ：GETがあります
[14-Sep-2020 14:10:12 Asia/Tokyo] デバッグ：25
[14-Sep-2020 14:10:12 Asia/Tokyo] デバッグ：GETがあります
[14-Sep-2020 14:10:12 Asia/Tokyo] デバッグ：26
[14-Sep-2020 14:10:12 Asia/Tokyo] デバッグ：GETがあります
[14-Sep-2020 14:10:12 Asia/Tokyo] デバッグ：27
[14-Sep-2020 14:10:12 Asia/Tokyo] デバッグ：GETがあります
[14-Sep-2020 14:10:12 Asia/Tokyo] デバッグ：28
[14-Sep-2020 14:10:12 Asia/Tokyo] デバッグ：GETがあります
[14-Sep-2020 14:10:12 Asia/Tokyo] デバッグ：29
[14-Sep-2020 14:10:13 Asia/Tokyo] デバッグ：GETがあります
[14-Sep-2020 14:10:13 Asia/Tokyo] デバッグ：30
[14-Sep-2020 14:10:13 Asia/Tokyo] デバッグ：GETがあります
[14-Sep-2020 14:10:13 Asia/Tokyo] デバッグ：31
[14-Sep-2020 14:10:13 Asia/Tokyo] デバッグ：GETがあります
[14-Sep-2020 14:10:13 Asia/Tokyo] デバッグ：32
[14-Sep-2020 14:10:13 Asia/Tokyo] デバッグ：GETがあります
[14-Sep-2020 14:10:13 Asia/Tokyo] デバッグ：33
[14-Sep-2020 14:10:13 Asia/Tokyo] デバッグ：GETがあります
[14-Sep-2020 14:10:13 Asia/Tokyo] デバッグ：33
[14-Sep-2020 14:10:13 Asia/Tokyo] デバッグ：GETがあります
[14-Sep-2020 14:10:13 Asia/Tokyo] デバッグ：34
[14-Sep-2020 14:10:14 Asia/Tokyo] デバッグ：GETがあります
[14-Sep-2020 14:10:14 Asia/Tokyo] デバッグ：35
[14-Sep-2020 14:10:14 Asia/Tokyo] デバッグ：GETがあります
[14-Sep-2020 14:10:14 Asia/Tokyo] デバッグ：35
[14-Sep-2020 14:16:42 Asia/Tokyo] デバッグ：GETがあります
[14-Sep-2020 14:16:42 Asia/Tokyo] デバッグ：35
[14-Sep-2020 14:16:42 Asia/Tokyo] デバッグ：35
[14-Sep-2020 14:16:44 Asia/Tokyo] デバッグ：GETがあります
[14-Sep-2020 14:16:44 Asia/Tokyo] デバッグ：9
[14-Sep-2020 14:16:44 Asia/Tokyo] デバッグ：9
[14-Sep-2020 14:16:46 Asia/Tokyo] デバッグ：GETがあります
[14-Sep-2020 14:16:46 Asia/Tokyo] デバッグ：10
[14-Sep-2020 14:16:46 Asia/Tokyo] デバッグ：10
[14-Sep-2020 14:16:47 Asia/Tokyo] デバッグ：GETがあります
[14-Sep-2020 14:16:47 Asia/Tokyo] デバッグ：11
[14-Sep-2020 14:16:47 Asia/Tokyo] デバッグ：11
[14-Sep-2020 14:16:47 Asia/Tokyo] デバッグ：GETがあります
[14-Sep-2020 14:16:47 Asia/Tokyo] デバッグ：11
[14-Sep-2020 14:16:47 Asia/Tokyo] デバッグ：11
[14-Sep-2020 14:16:48 Asia/Tokyo] デバッグ：GETがあります
[14-Sep-2020 14:16:48 Asia/Tokyo] デバッグ：11
[14-Sep-2020 14:16:48 Asia/Tokyo] デバッグ：11
[14-Sep-2020 14:16:48 Asia/Tokyo] デバッグ：GETがあります
[14-Sep-2020 14:16:48 Asia/Tokyo] デバッグ：11
[14-Sep-2020 14:16:48 Asia/Tokyo] デバッグ：11
[14-Sep-2020 14:16:48 Asia/Tokyo] デバッグ：GETがあります
[14-Sep-2020 14:16:48 Asia/Tokyo] デバッグ：11
[14-Sep-2020 14:16:48 Asia/Tokyo] デバッグ：11
[14-Sep-2020 14:16:49 Asia/Tokyo] デバッグ：GETがあります
[14-Sep-2020 14:16:49 Asia/Tokyo] デバッグ：11
[14-Sep-2020 14:16:49 Asia/Tokyo] デバッグ：11
[14-Sep-2020 14:17:11 Asia/Tokyo] デバッグ：GETがあります
[14-Sep-2020 14:17:11 Asia/Tokyo] デバッグ：11
[14-Sep-2020 14:17:11 Asia/Tokyo] デバッグ：11
[14-Sep-2020 14:17:14 Asia/Tokyo] デバッグ：GETがあります
[14-Sep-2020 14:17:14 Asia/Tokyo] デバッグ：9
[14-Sep-2020 14:17:14 Asia/Tokyo] デバッグ：9
[14-Sep-2020 14:17:14 Asia/Tokyo] デバッグ：GETがあります
[14-Sep-2020 14:17:14 Asia/Tokyo] デバッグ：9
[14-Sep-2020 14:17:14 Asia/Tokyo] デバッグ：9
[14-Sep-2020 14:17:15 Asia/Tokyo] デバッグ：GETがあります
[14-Sep-2020 14:17:15 Asia/Tokyo] デバッグ：10
[14-Sep-2020 14:17:15 Asia/Tokyo] デバッグ：10
[14-Sep-2020 14:17:16 Asia/Tokyo] デバッグ：GETがあります
[14-Sep-2020 14:17:16 Asia/Tokyo] デバッグ：11
[14-Sep-2020 14:17:16 Asia/Tokyo] デバッグ：11
[14-Sep-2020 14:17:16 Asia/Tokyo] デバッグ：GETがあります
[14-Sep-2020 14:17:16 Asia/Tokyo] デバッグ：11
[14-Sep-2020 14:17:16 Asia/Tokyo] デバッグ：11
[14-Sep-2020 14:17:17 Asia/Tokyo] デバッグ：GETがあります
[14-Sep-2020 14:17:17 Asia/Tokyo] デバッグ：11
[14-Sep-2020 14:17:17 Asia/Tokyo] デバッグ：11
[14-Sep-2020 14:17:17 Asia/Tokyo] デバッグ：GETがあります
[14-Sep-2020 14:17:17 Asia/Tokyo] デバッグ：11
[14-Sep-2020 14:17:17 Asia/Tokyo] デバッグ：11
[14-Sep-2020 14:17:17 Asia/Tokyo] デバッグ：GETがあります
[14-Sep-2020 14:17:17 Asia/Tokyo] デバッグ：11
[14-Sep-2020 14:17:17 Asia/Tokyo] デバッグ：11
[14-Sep-2020 14:17:17 Asia/Tokyo] デバッグ：GETがあります
[14-Sep-2020 14:17:17 Asia/Tokyo] デバッグ：11
[14-Sep-2020 14:17:17 Asia/Tokyo] デバッグ：11
[14-Sep-2020 14:17:18 Asia/Tokyo] デバッグ：GETがあります
[14-Sep-2020 14:17:18 Asia/Tokyo] デバッグ：11
[14-Sep-2020 14:17:18 Asia/Tokyo] デバッグ：11
[14-Sep-2020 14:17:49 Asia/Tokyo] デバッグ：GETがあります
[14-Sep-2020 14:17:49 Asia/Tokyo] デバッグ：9
[14-Sep-2020 14:17:49 Asia/Tokyo] デバッグ：9
[14-Sep-2020 14:17:51 Asia/Tokyo] デバッグ：GETがあります
[14-Sep-2020 14:17:51 Asia/Tokyo] デバッグ：10
[14-Sep-2020 14:17:51 Asia/Tokyo] デバッグ：10
[14-Sep-2020 14:17:53 Asia/Tokyo] デバッグ：GETがあります
[14-Sep-2020 14:17:53 Asia/Tokyo] デバッグ：9
[14-Sep-2020 14:17:53 Asia/Tokyo] デバッグ：9
[14-Sep-2020 14:17:53 Asia/Tokyo] デバッグ：GETがあります
[14-Sep-2020 14:17:53 Asia/Tokyo] デバッグ：8
[14-Sep-2020 14:17:53 Asia/Tokyo] デバッグ：8
[14-Sep-2020 14:17:53 Asia/Tokyo] デバッグ：GETがあります
[14-Sep-2020 14:17:53 Asia/Tokyo] デバッグ：7
[14-Sep-2020 14:17:53 Asia/Tokyo] デバッグ：7
[14-Sep-2020 14:17:53 Asia/Tokyo] デバッグ：GETがあります
[14-Sep-2020 14:17:53 Asia/Tokyo] デバッグ：6
[14-Sep-2020 14:17:53 Asia/Tokyo] デバッグ：6
[14-Sep-2020 14:17:54 Asia/Tokyo] デバッグ：GETがあります
[14-Sep-2020 14:17:54 Asia/Tokyo] デバッグ：5
[14-Sep-2020 14:17:54 Asia/Tokyo] デバッグ：5
[14-Sep-2020 14:17:54 Asia/Tokyo] デバッグ：GETがあります
[14-Sep-2020 14:17:54 Asia/Tokyo] デバッグ：4
[14-Sep-2020 14:17:54 Asia/Tokyo] デバッグ：4
[14-Sep-2020 14:17:54 Asia/Tokyo] デバッグ：GETがあります
[14-Sep-2020 14:17:54 Asia/Tokyo] デバッグ：3
[14-Sep-2020 14:17:54 Asia/Tokyo] デバッグ：3
[14-Sep-2020 14:17:54 Asia/Tokyo] デバッグ：GETがあります
[14-Sep-2020 14:17:54 Asia/Tokyo] デバッグ：2
[14-Sep-2020 14:17:54 Asia/Tokyo] デバッグ：2
[14-Sep-2020 14:17:55 Asia/Tokyo] デバッグ：GETがあります
[14-Sep-2020 14:17:55 Asia/Tokyo] デバッグ：1
[14-Sep-2020 14:17:55 Asia/Tokyo] デバッグ：1
[14-Sep-2020 14:17:55 Asia/Tokyo] デバッグ：GETがあります
[14-Sep-2020 14:17:55 Asia/Tokyo] デバッグ：0
[14-Sep-2020 14:17:55 Asia/Tokyo] デバッグ：1
[14-Sep-2020 14:17:55 Asia/Tokyo] デバッグ：GETがあります
[14-Sep-2020 14:17:56 Asia/Tokyo] デバッグ：0
[14-Sep-2020 14:17:56 Asia/Tokyo] デバッグ：1
[14-Sep-2020 14:23:21 Asia/Tokyo] デバッグ：GETがあります
[14-Sep-2020 14:23:21 Asia/Tokyo] デバッグ：0
[14-Sep-2020 14:23:21 Asia/Tokyo] デバッグ：1
[14-Sep-2020 14:23:54 Asia/Tokyo] デバッグ：GETがあります
[14-Sep-2020 14:23:54 Asia/Tokyo] デバッグ：0
[14-Sep-2020 14:23:54 Asia/Tokyo] デバッグ：1
[14-Sep-2020 14:24:02 Asia/Tokyo] デバッグ：GETがあります
[14-Sep-2020 14:24:02 Asia/Tokyo] デバッグ：0
[14-Sep-2020 14:24:02 Asia/Tokyo] デバッグ：1
[14-Sep-2020 14:24:20 Asia/Tokyo] デバッグ：GETがあります
[14-Sep-2020 14:24:20 Asia/Tokyo] デバッグ：0
[14-Sep-2020 14:24:20 Asia/Tokyo] デバッグ：1
[14-Sep-2020 14:24:24 Asia/Tokyo] デバッグ：GETがあります
[14-Sep-2020 14:24:24 Asia/Tokyo] デバッグ：0
[14-Sep-2020 14:24:24 Asia/Tokyo] デバッグ：1
[14-Sep-2020 14:24:25 Asia/Tokyo] デバッグ：GETがあります
[14-Sep-2020 14:24:25 Asia/Tokyo] デバッグ：1
[14-Sep-2020 14:24:25 Asia/Tokyo] デバッグ：1
[14-Sep-2020 14:24:29 Asia/Tokyo] デバッグ：GETがあります
[14-Sep-2020 14:24:29 Asia/Tokyo] デバッグ：2
[14-Sep-2020 14:24:29 Asia/Tokyo] デバッグ：2
[14-Sep-2020 14:24:30 Asia/Tokyo] デバッグ：GETがあります
[14-Sep-2020 14:24:30 Asia/Tokyo] デバッグ：3
[14-Sep-2020 14:24:30 Asia/Tokyo] デバッグ：3
[14-Sep-2020 14:24:30 Asia/Tokyo] デバッグ：GETがあります
[14-Sep-2020 14:24:30 Asia/Tokyo] デバッグ：4
[14-Sep-2020 14:24:30 Asia/Tokyo] デバッグ：4
[14-Sep-2020 14:24:31 Asia/Tokyo] デバッグ：GETがあります
[14-Sep-2020 14:24:31 Asia/Tokyo] デバッグ：5
[14-Sep-2020 14:24:31 Asia/Tokyo] デバッグ：5
[14-Sep-2020 14:24:31 Asia/Tokyo] デバッグ：GETがあります
[14-Sep-2020 14:24:31 Asia/Tokyo] デバッグ：6
[14-Sep-2020 14:24:31 Asia/Tokyo] デバッグ：6
[14-Sep-2020 14:24:31 Asia/Tokyo] デバッグ：GETがあります
[14-Sep-2020 14:24:31 Asia/Tokyo] デバッグ：7
[14-Sep-2020 14:24:31 Asia/Tokyo] デバッグ：7
[14-Sep-2020 14:24:32 Asia/Tokyo] デバッグ：GETがあります
[14-Sep-2020 14:24:32 Asia/Tokyo] デバッグ：8
[14-Sep-2020 14:24:32 Asia/Tokyo] デバッグ：8
[14-Sep-2020 14:24:32 Asia/Tokyo] デバッグ：GETがあります
[14-Sep-2020 14:24:32 Asia/Tokyo] デバッグ：9
[14-Sep-2020 14:24:32 Asia/Tokyo] デバッグ：9
[14-Sep-2020 14:24:32 Asia/Tokyo] デバッグ：GETがあります
[14-Sep-2020 14:24:32 Asia/Tokyo] デバッグ：10
[14-Sep-2020 14:24:32 Asia/Tokyo] デバッグ：10
[14-Sep-2020 14:24:33 Asia/Tokyo] デバッグ：GETがあります
[14-Sep-2020 14:24:33 Asia/Tokyo] デバッグ：11
[14-Sep-2020 14:24:33 Asia/Tokyo] デバッグ：11
[14-Sep-2020 14:24:33 Asia/Tokyo] デバッグ：GETがあります
[14-Sep-2020 14:24:33 Asia/Tokyo] デバッグ：12
[14-Sep-2020 14:24:33 Asia/Tokyo] デバッグ：12
[14-Sep-2020 14:24:33 Asia/Tokyo] デバッグ：GETがあります
[14-Sep-2020 14:24:33 Asia/Tokyo] デバッグ：13
[14-Sep-2020 14:24:33 Asia/Tokyo] デバッグ：13
[14-Sep-2020 14:24:34 Asia/Tokyo] デバッグ：GETがあります
[14-Sep-2020 14:24:34 Asia/Tokyo] デバッグ：14
[14-Sep-2020 14:24:34 Asia/Tokyo] デバッグ：14
[14-Sep-2020 14:24:34 Asia/Tokyo] デバッグ：GETがあります
[14-Sep-2020 14:24:34 Asia/Tokyo] デバッグ：15
[14-Sep-2020 14:24:34 Asia/Tokyo] デバッグ：15
[14-Sep-2020 14:24:34 Asia/Tokyo] デバッグ：GETがあります
[14-Sep-2020 14:24:34 Asia/Tokyo] デバッグ：16
[14-Sep-2020 14:24:34 Asia/Tokyo] デバッグ：16
[14-Sep-2020 14:24:34 Asia/Tokyo] デバッグ：GETがあります
[14-Sep-2020 14:24:34 Asia/Tokyo] デバッグ：17
[14-Sep-2020 14:24:34 Asia/Tokyo] デバッグ：17
[14-Sep-2020 14:24:35 Asia/Tokyo] デバッグ：GETがあります
[14-Sep-2020 14:24:35 Asia/Tokyo] デバッグ：18
[14-Sep-2020 14:24:35 Asia/Tokyo] デバッグ：18
[14-Sep-2020 14:24:35 Asia/Tokyo] デバッグ：GETがあります
[14-Sep-2020 14:24:35 Asia/Tokyo] デバッグ：19
[14-Sep-2020 14:24:35 Asia/Tokyo] デバッグ：19
[14-Sep-2020 14:24:35 Asia/Tokyo] デバッグ：GETがあります
[14-Sep-2020 14:24:35 Asia/Tokyo] デバッグ：20
[14-Sep-2020 14:24:35 Asia/Tokyo] デバッグ：20
[14-Sep-2020 14:24:35 Asia/Tokyo] デバッグ：GETがあります
[14-Sep-2020 14:24:35 Asia/Tokyo] デバッグ：21
[14-Sep-2020 14:24:35 Asia/Tokyo] デバッグ：21
[14-Sep-2020 14:24:35 Asia/Tokyo] デバッグ：GETがあります
[14-Sep-2020 14:24:35 Asia/Tokyo] デバッグ：22
[14-Sep-2020 14:24:35 Asia/Tokyo] デバッグ：22
[14-Sep-2020 14:24:36 Asia/Tokyo] デバッグ：GETがあります
[14-Sep-2020 14:24:36 Asia/Tokyo] デバッグ：23
[14-Sep-2020 14:24:36 Asia/Tokyo] デバッグ：23
[14-Sep-2020 14:24:36 Asia/Tokyo] デバッグ：GETがあります
[14-Sep-2020 14:24:36 Asia/Tokyo] デバッグ：24
[14-Sep-2020 14:24:36 Asia/Tokyo] デバッグ：24
[14-Sep-2020 14:24:36 Asia/Tokyo] デバッグ：GETがあります
[14-Sep-2020 14:24:36 Asia/Tokyo] デバッグ：25
[14-Sep-2020 14:24:36 Asia/Tokyo] デバッグ：25
[14-Sep-2020 14:24:36 Asia/Tokyo] デバッグ：GETがあります
[14-Sep-2020 14:24:36 Asia/Tokyo] デバッグ：26
[14-Sep-2020 14:24:36 Asia/Tokyo] デバッグ：26
[14-Sep-2020 14:24:37 Asia/Tokyo] デバッグ：GETがあります
[14-Sep-2020 14:24:37 Asia/Tokyo] デバッグ：27
[14-Sep-2020 14:24:37 Asia/Tokyo] デバッグ：27
[14-Sep-2020 14:24:37 Asia/Tokyo] デバッグ：GETがあります
[14-Sep-2020 14:24:37 Asia/Tokyo] デバッグ：28
[14-Sep-2020 14:24:37 Asia/Tokyo] デバッグ：28
[14-Sep-2020 14:24:37 Asia/Tokyo] デバッグ：GETがあります
[14-Sep-2020 14:24:37 Asia/Tokyo] デバッグ：29
[14-Sep-2020 14:24:37 Asia/Tokyo] デバッグ：29
[14-Sep-2020 14:24:46 Asia/Tokyo] デバッグ：GETがあります
[14-Sep-2020 14:24:46 Asia/Tokyo] デバッグ：29
[14-Sep-2020 14:24:46 Asia/Tokyo] デバッグ：29
[14-Sep-2020 14:24:48 Asia/Tokyo] デバッグ：GETがあります
[14-Sep-2020 14:24:48 Asia/Tokyo] デバッグ：28
[14-Sep-2020 14:24:48 Asia/Tokyo] デバッグ：28
[14-Sep-2020 14:24:48 Asia/Tokyo] デバッグ：GETがあります
[14-Sep-2020 14:24:48 Asia/Tokyo] デバッグ：27
[14-Sep-2020 14:24:48 Asia/Tokyo] デバッグ：27
[14-Sep-2020 14:24:48 Asia/Tokyo] デバッグ：GETがあります
[14-Sep-2020 14:24:48 Asia/Tokyo] デバッグ：26
[14-Sep-2020 14:24:48 Asia/Tokyo] デバッグ：26
[14-Sep-2020 14:24:49 Asia/Tokyo] デバッグ：GETがあります
[14-Sep-2020 14:24:49 Asia/Tokyo] デバッグ：25
[14-Sep-2020 14:24:49 Asia/Tokyo] デバッグ：25
[14-Sep-2020 14:24:49 Asia/Tokyo] デバッグ：GETがあります
[14-Sep-2020 14:24:49 Asia/Tokyo] デバッグ：24
[14-Sep-2020 14:24:49 Asia/Tokyo] デバッグ：24
[14-Sep-2020 14:24:49 Asia/Tokyo] デバッグ：GETがあります
[14-Sep-2020 14:24:49 Asia/Tokyo] デバッグ：23
[14-Sep-2020 14:24:49 Asia/Tokyo] デバッグ：23
[14-Sep-2020 14:24:49 Asia/Tokyo] デバッグ：GETがあります
[14-Sep-2020 14:24:49 Asia/Tokyo] デバッグ：22
[14-Sep-2020 14:24:49 Asia/Tokyo] デバッグ：22
[14-Sep-2020 14:24:49 Asia/Tokyo] デバッグ：GETがあります
[14-Sep-2020 14:24:49 Asia/Tokyo] デバッグ：22
[14-Sep-2020 14:24:49 Asia/Tokyo] デバッグ：22
[14-Sep-2020 14:24:50 Asia/Tokyo] デバッグ：GETがあります
[14-Sep-2020 14:24:50 Asia/Tokyo] デバッグ：21
[14-Sep-2020 14:24:50 Asia/Tokyo] デバッグ：21
[14-Sep-2020 14:24:50 Asia/Tokyo] デバッグ：GETがあります
[14-Sep-2020 14:24:50 Asia/Tokyo] デバッグ：20
[14-Sep-2020 14:24:50 Asia/Tokyo] デバッグ：20
[14-Sep-2020 14:24:52 Asia/Tokyo] デバッグ：GETがあります
[14-Sep-2020 14:24:52 Asia/Tokyo] デバッグ：20
[14-Sep-2020 14:24:52 Asia/Tokyo] デバッグ：20
[14-Sep-2020 14:24:55 Asia/Tokyo] デバッグ：GETがあります
[14-Sep-2020 14:24:55 Asia/Tokyo] デバッグ：4
[14-Sep-2020 14:24:55 Asia/Tokyo] デバッグ：4
[14-Sep-2020 14:24:58 Asia/Tokyo] デバッグ：GETがあります
[14-Sep-2020 14:24:58 Asia/Tokyo] デバッグ：3
[14-Sep-2020 14:24:58 Asia/Tokyo] デバッグ：3
[14-Sep-2020 14:24:59 Asia/Tokyo] デバッグ：GETがあります
[14-Sep-2020 14:24:59 Asia/Tokyo] デバッグ：2
[14-Sep-2020 14:24:59 Asia/Tokyo] デバッグ：2
[14-Sep-2020 14:24:59 Asia/Tokyo] デバッグ：GETがあります
[14-Sep-2020 14:24:59 Asia/Tokyo] デバッグ：1
[14-Sep-2020 14:24:59 Asia/Tokyo] デバッグ：1
[14-Sep-2020 14:25:01 Asia/Tokyo] デバッグ：GETがあります
[14-Sep-2020 14:25:01 Asia/Tokyo] デバッグ：0
[14-Sep-2020 14:25:01 Asia/Tokyo] デバッグ：1
[14-Sep-2020 14:25:03 Asia/Tokyo] デバッグ：GETがあります
[14-Sep-2020 14:25:03 Asia/Tokyo] デバッグ：0
[14-Sep-2020 14:25:03 Asia/Tokyo] デバッグ：1
[14-Sep-2020 14:25:03 Asia/Tokyo] デバッグ：GETがあります
[14-Sep-2020 14:25:03 Asia/Tokyo] デバッグ：0
[14-Sep-2020 14:25:03 Asia/Tokyo] デバッグ：1
[14-Sep-2020 14:25:04 Asia/Tokyo] デバッグ：GETがあります
[14-Sep-2020 14:25:04 Asia/Tokyo] デバッグ：0
[14-Sep-2020 14:25:04 Asia/Tokyo] デバッグ：1
[14-Sep-2020 14:25:04 Asia/Tokyo] デバッグ：GETがあります
[14-Sep-2020 14:25:04 Asia/Tokyo] デバッグ：0
[14-Sep-2020 14:25:04 Asia/Tokyo] デバッグ：1
[14-Sep-2020 14:26:08 Asia/Tokyo] デバッグ：GETがあります
[14-Sep-2020 14:26:08 Asia/Tokyo] デバッグ：0
[14-Sep-2020 14:26:08 Asia/Tokyo] デバッグ：1
[14-Sep-2020 14:26:10 Asia/Tokyo] デバッグ：GETがあります
[14-Sep-2020 14:26:10 Asia/Tokyo] デバッグ：1
[14-Sep-2020 14:26:10 Asia/Tokyo] デバッグ：1
[14-Sep-2020 14:26:11 Asia/Tokyo] デバッグ：GETがあります
[14-Sep-2020 14:26:11 Asia/Tokyo] デバッグ：2
[14-Sep-2020 14:26:11 Asia/Tokyo] デバッグ：2
[14-Sep-2020 14:26:13 Asia/Tokyo] デバッグ：GETがあります
[14-Sep-2020 14:26:13 Asia/Tokyo] デバッグ：1
[14-Sep-2020 14:26:13 Asia/Tokyo] デバッグ：1
[14-Sep-2020 14:26:13 Asia/Tokyo] デバッグ：GETがあります
[14-Sep-2020 14:26:13 Asia/Tokyo] デバッグ：1
[14-Sep-2020 14:26:13 Asia/Tokyo] デバッグ：1
[14-Sep-2020 14:26:14 Asia/Tokyo] デバッグ：GETがあります
[14-Sep-2020 14:26:14 Asia/Tokyo] デバッグ：1
[14-Sep-2020 14:26:14 Asia/Tokyo] デバッグ：1
[14-Sep-2020 14:26:16 Asia/Tokyo] デバッグ：GETがあります
[14-Sep-2020 14:26:16 Asia/Tokyo] デバッグ：2
[14-Sep-2020 14:26:16 Asia/Tokyo] デバッグ：2
[14-Sep-2020 14:26:17 Asia/Tokyo] デバッグ：GETがあります
[14-Sep-2020 14:26:17 Asia/Tokyo] デバッグ：2
[14-Sep-2020 14:26:17 Asia/Tokyo] デバッグ：2
[14-Sep-2020 14:26:18 Asia/Tokyo] デバッグ：GETがあります
[14-Sep-2020 14:26:18 Asia/Tokyo] デバッグ：3
[14-Sep-2020 14:26:18 Asia/Tokyo] デバッグ：3
[14-Sep-2020 14:26:19 Asia/Tokyo] デバッグ：GETがあります
[14-Sep-2020 14:26:19 Asia/Tokyo] デバッグ：4
[14-Sep-2020 14:26:19 Asia/Tokyo] デバッグ：4
[14-Sep-2020 14:26:20 Asia/Tokyo] デバッグ：GETがあります
[14-Sep-2020 14:26:20 Asia/Tokyo] デバッグ：6
[14-Sep-2020 14:26:20 Asia/Tokyo] デバッグ：6
[14-Sep-2020 14:26:21 Asia/Tokyo] デバッグ：GETがあります
[14-Sep-2020 14:26:21 Asia/Tokyo] デバッグ：7
[14-Sep-2020 14:26:21 Asia/Tokyo] デバッグ：7
[14-Sep-2020 14:26:21 Asia/Tokyo] デバッグ：GETがあります
[14-Sep-2020 14:26:21 Asia/Tokyo] デバッグ：8
[14-Sep-2020 14:26:21 Asia/Tokyo] デバッグ：8
[14-Sep-2020 14:26:23 Asia/Tokyo] デバッグ：GETがあります
[14-Sep-2020 14:26:23 Asia/Tokyo] デバッグ：9
[14-Sep-2020 14:26:23 Asia/Tokyo] デバッグ：9
[14-Sep-2020 14:26:25 Asia/Tokyo] デバッグ：GETがあります
[14-Sep-2020 14:26:25 Asia/Tokyo] デバッグ：10
[14-Sep-2020 14:26:25 Asia/Tokyo] デバッグ：10
[14-Sep-2020 14:26:26 Asia/Tokyo] デバッグ：GETがあります
[14-Sep-2020 14:26:26 Asia/Tokyo] デバッグ：11
[14-Sep-2020 14:26:26 Asia/Tokyo] デバッグ：11
[14-Sep-2020 14:26:31 Asia/Tokyo] デバッグ：GETがあります
[14-Sep-2020 14:26:31 Asia/Tokyo] デバッグ：10
[14-Sep-2020 14:26:31 Asia/Tokyo] デバッグ：10
[14-Sep-2020 14:28:21 Asia/Tokyo] デバッグ：GETがあります
[14-Sep-2020 14:28:21 Asia/Tokyo] デバッグ：11
[14-Sep-2020 14:28:21 Asia/Tokyo] デバッグ：11
[14-Sep-2020 14:28:32 Asia/Tokyo] デバッグ：GETがあります
[14-Sep-2020 14:28:32 Asia/Tokyo] デバッグ：10
[14-Sep-2020 14:28:32 Asia/Tokyo] デバッグ：10
[14-Sep-2020 14:28:34 Asia/Tokyo] デバッグ：GETがあります
[14-Sep-2020 14:28:34 Asia/Tokyo] デバッグ：9
[14-Sep-2020 14:28:34 Asia/Tokyo] デバッグ：9
[14-Sep-2020 14:28:36 Asia/Tokyo] デバッグ：GETがあります
[14-Sep-2020 14:28:36 Asia/Tokyo] デバッグ：10
[14-Sep-2020 14:28:36 Asia/Tokyo] デバッグ：10
[14-Sep-2020 14:28:37 Asia/Tokyo] デバッグ：GETがあります
[14-Sep-2020 14:28:37 Asia/Tokyo] デバッグ：9
[14-Sep-2020 14:28:37 Asia/Tokyo] デバッグ：9
[14-Sep-2020 14:28:39 Asia/Tokyo] デバッグ：GETがあります
[14-Sep-2020 14:28:39 Asia/Tokyo] デバッグ：10
[14-Sep-2020 14:28:39 Asia/Tokyo] デバッグ：10
[14-Sep-2020 14:29:09 Asia/Tokyo] デバッグ：GETがあります
[14-Sep-2020 14:29:09 Asia/Tokyo] デバッグ：9
[14-Sep-2020 14:29:09 Asia/Tokyo] デバッグ：9
[14-Sep-2020 14:29:09 Asia/Tokyo] デバッグ：GETがあります
[14-Sep-2020 14:29:09 Asia/Tokyo] デバッグ：8
[14-Sep-2020 14:29:09 Asia/Tokyo] デバッグ：8
[14-Sep-2020 14:29:09 Asia/Tokyo] デバッグ：GETがあります
[14-Sep-2020 14:29:09 Asia/Tokyo] デバッグ：7
[14-Sep-2020 14:29:09 Asia/Tokyo] デバッグ：7
[14-Sep-2020 14:29:09 Asia/Tokyo] デバッグ：GETがあります
[14-Sep-2020 14:29:09 Asia/Tokyo] デバッグ：6
[14-Sep-2020 14:29:09 Asia/Tokyo] デバッグ：6
[14-Sep-2020 14:29:09 Asia/Tokyo] デバッグ：GETがあります
[14-Sep-2020 14:29:09 Asia/Tokyo] デバッグ：5
[14-Sep-2020 14:29:09 Asia/Tokyo] デバッグ：5
[14-Sep-2020 14:29:10 Asia/Tokyo] デバッグ：GETがあります
[14-Sep-2020 14:29:10 Asia/Tokyo] デバッグ：4
[14-Sep-2020 14:29:10 Asia/Tokyo] デバッグ：4
[14-Sep-2020 14:29:10 Asia/Tokyo] デバッグ：GETがあります
[14-Sep-2020 14:29:10 Asia/Tokyo] デバッグ：3
[14-Sep-2020 14:29:10 Asia/Tokyo] デバッグ：3
[14-Sep-2020 14:29:10 Asia/Tokyo] デバッグ：GETがあります
[14-Sep-2020 14:29:10 Asia/Tokyo] デバッグ：2
[14-Sep-2020 14:29:10 Asia/Tokyo] デバッグ：2
[14-Sep-2020 14:29:13 Asia/Tokyo] デバッグ：GETがあります
[14-Sep-2020 14:29:13 Asia/Tokyo] デバッグ：3
[14-Sep-2020 14:29:13 Asia/Tokyo] デバッグ：3
[14-Sep-2020 14:29:14 Asia/Tokyo] デバッグ：GETがあります
[14-Sep-2020 14:29:14 Asia/Tokyo] デバッグ：4
[14-Sep-2020 14:29:14 Asia/Tokyo] デバッグ：4
[14-Sep-2020 14:29:15 Asia/Tokyo] デバッグ：GETがあります
[14-Sep-2020 14:29:15 Asia/Tokyo] デバッグ：5
[14-Sep-2020 14:29:15 Asia/Tokyo] デバッグ：5
[14-Sep-2020 14:29:43 Asia/Tokyo] デバッグ：GETがあります
[14-Sep-2020 14:29:43 Asia/Tokyo] デバッグ：10
[14-Sep-2020 14:29:43 Asia/Tokyo] デバッグ：10
[14-Sep-2020 14:30:09 Asia/Tokyo] デバッグ：GETがあります
[14-Sep-2020 14:30:09 Asia/Tokyo] デバッグ：1
[14-Sep-2020 14:30:09 Asia/Tokyo] デバッグ：1
[14-Sep-2020 14:30:14 Asia/Tokyo] デバッグ：GETがあります
[14-Sep-2020 14:30:14 Asia/Tokyo] デバッグ：2
[14-Sep-2020 14:30:14 Asia/Tokyo] デバッグ：2
[14-Sep-2020 14:30:15 Asia/Tokyo] デバッグ：GETがあります
[14-Sep-2020 14:30:15 Asia/Tokyo] デバッグ：3
[14-Sep-2020 14:30:15 Asia/Tokyo] デバッグ：3
[14-Sep-2020 14:30:16 Asia/Tokyo] デバッグ：GETがあります
[14-Sep-2020 14:30:16 Asia/Tokyo] デバッグ：4
[14-Sep-2020 14:30:16 Asia/Tokyo] デバッグ：4
[14-Sep-2020 14:30:18 Asia/Tokyo] デバッグ：GETがあります
[14-Sep-2020 14:30:18 Asia/Tokyo] デバッグ：5
[14-Sep-2020 14:30:18 Asia/Tokyo] デバッグ：5
[14-Sep-2020 14:30:18 Asia/Tokyo] デバッグ：GETがあります
[14-Sep-2020 14:30:18 Asia/Tokyo] デバッグ：6
[14-Sep-2020 14:30:18 Asia/Tokyo] デバッグ：6
[14-Sep-2020 14:30:19 Asia/Tokyo] デバッグ：GETがあります
[14-Sep-2020 14:30:19 Asia/Tokyo] デバッグ：7
[14-Sep-2020 14:30:19 Asia/Tokyo] デバッグ：7
[14-Sep-2020 14:30:20 Asia/Tokyo] デバッグ：GETがあります
[14-Sep-2020 14:30:20 Asia/Tokyo] デバッグ：8
[14-Sep-2020 14:30:20 Asia/Tokyo] デバッグ：8
[14-Sep-2020 14:30:23 Asia/Tokyo] デバッグ：GETがあります
[14-Sep-2020 14:30:23 Asia/Tokyo] デバッグ：9
[14-Sep-2020 14:30:23 Asia/Tokyo] デバッグ：9
[14-Sep-2020 14:30:25 Asia/Tokyo] デバッグ：GETがあります
[14-Sep-2020 14:30:25 Asia/Tokyo] デバッグ：10
[14-Sep-2020 14:30:25 Asia/Tokyo] デバッグ：10
[14-Sep-2020 14:30:28 Asia/Tokyo] デバッグ：GETがあります
[14-Sep-2020 14:30:28 Asia/Tokyo] デバッグ：6
[14-Sep-2020 14:30:28 Asia/Tokyo] デバッグ：6
[14-Sep-2020 14:30:28 Asia/Tokyo] デバッグ：GETがあります
[14-Sep-2020 14:30:28 Asia/Tokyo] デバッグ：4
[14-Sep-2020 14:30:28 Asia/Tokyo] デバッグ：4
[14-Sep-2020 14:30:29 Asia/Tokyo] デバッグ：GETがあります
[14-Sep-2020 14:30:29 Asia/Tokyo] デバッグ：2
[14-Sep-2020 14:30:29 Asia/Tokyo] デバッグ：2
[14-Sep-2020 14:30:31 Asia/Tokyo] デバッグ：GETがあります
[14-Sep-2020 14:30:31 Asia/Tokyo] デバッグ：2
[14-Sep-2020 14:30:31 Asia/Tokyo] デバッグ：2
[14-Sep-2020 14:30:32 Asia/Tokyo] デバッグ：GETがあります
[14-Sep-2020 14:30:32 Asia/Tokyo] デバッグ：1
[14-Sep-2020 14:30:32 Asia/Tokyo] デバッグ：1
